[INFO] Scanning for projects...
[INFO] 
[INFO] ------------------< com.taskmanager:task-manager-api >------------------
[INFO] Building Task Manager API 0.0.1-SNAPSHOT
[INFO]   from pom.xml
[INFO] --------------------------------[ jar ]---------------------------------
[INFO] 
[INFO] >>> spring-boot:4.0.0:run (default-cli) > test-compile @ task-manager-api >>>
[INFO] 
[INFO] --- jacoco:0.8.13:prepare-agent (prepare-agent) @ task-manager-api ---
[INFO] argLine set to -javaagent:C:\\Users\\youne\\.m2\\repository\\org\\jacoco\\org.jacoco.agent\\0.8.13\\org.jacoco.agent-0.8.13-runtime.jar=destfile=C:\\Users\\youne\\Downloads\\task_project\\target\\jacoco.exec,excludes=**/config/**:**/entity/**:**/dto/**:**/mapper/**:**/enums/**:**/exception/**:**/TaskProjectApplication.class
[INFO] 
[INFO] --- resources:3.3.1:resources (default-resources) @ task-manager-api ---
[INFO] Copying 1 resource from src\main\resources to target\classes
[INFO] Copying 0 resource from src\main\resources to target\classes
[INFO] 
[INFO] --- compiler:3.14.1:compile (default-compile) @ task-manager-api ---
[INFO] Nothing to compile - all classes are up to date.
[INFO] 
[INFO] --- resources:3.3.1:testResources (default-testResources) @ task-manager-api ---
[INFO] skip non existing resourceDirectory C:\Users\youne\Downloads\task_project\src\test\resources
[INFO] 
[INFO] --- compiler:3.14.1:testCompile (default-testCompile) @ task-manager-api ---
[INFO] Nothing to compile - all classes are up to date.
[INFO] 
[INFO] <<< spring-boot:4.0.0:run (default-cli) < test-compile @ task-manager-api <<<
[INFO] 
[INFO] 
[INFO] --- spring-boot:4.0.0:run (default-cli) @ task-manager-api ---
[INFO] Attaching agents: []
Error: Could not find or load main class org.example.task_project.TaskProjectApplication
Caused by: java.lang.ClassNotFoundException: org.example.task_project.TaskProjectApplication
[INFO] ------------------------------------------------------------------------
[INFO] BUILD FAILURE
[INFO] ------------------------------------------------------------------------
[INFO] Total time:  5.080 s
[INFO] Finished at: 2026-02-27T11:39:19Z
[INFO] ------------------------------------------------------------------------
[ERROR] Failed to execute goal org.springframework.boot:spring-boot-maven-plugin:4.0.0:run (default-cli) on project task-manager-api: Process terminated with exit code: 1 -> [Help 1]
[ERROR] 
[ERROR] To see the full stack trace of the errors, re-run Maven with the -e switch.
[ERROR] Re-run Maven using the -X switch to enable full debug logging.
[ERROR] 
[ERROR] For more information about the errors and possible solutions, please read the following articles:
[ERROR] [Help 1] http://cwiki.apache.org/confluence/display/MAVEN/MojoExecutionException
